<?xml version="1.0" encoding="UTF-8"?>
<testsuite xmlns:xsi="http://www.w3.org/2001/XMLSchema-instance" xsi:noNamespaceSchemaLocation="https://maven.apache.org/surefire/maven-failsafe-plugin/xsd/failsafe-test-report.xsd" name="Feature: Logout of the Application" time="35.672" tests="1" errors="1" skipped="0" failures="0">
  <properties>
[...]
</properties>
  <testcase name="Verify user is able to logout when required" classname="Logout of the Application" time="35.672">
    <error message="Timed out after 1 seconds. Element not found&#10;For documentation on this error, please visit: http://seleniumhq.org/exceptions/no_such_element.html&#10;Build info: version: &apos;3.11.0&apos;, revision: &apos;e59cfb3&apos;, time: &apos;2018-03-11T20:26:55.152Z&apos;&#10;System info: host: &apos;DESKTOP-0DT1VUS&apos;, ip: &apos;10.246.144.219&apos;, os.name: &apos;Windows 10&apos;, os.arch: &apos;amd64&apos;, os.version: &apos;10.0&apos;, java.version: &apos;1.8.0_171&apos;&#10;Driver info: driver.version: unknown" type="org.openqa.selenium.NoSuchElementException">org.openqa.selenium.NoSuchElementException: 
Timed out after 1 seconds. Element not found
For documentation on this error, please visit: http://seleniumhq.org/exceptions/no_such_element.html
Build info: version: '3.11.0', revision: 'e59cfb3', time: '2018-03-11T20:26:55.152Z'
System info: host: 'DESKTOP-0DT1VUS', ip: '10.246.144.219', os.name: 'Windows 10', os.arch: 'amd64', os.version: '10.0', java.version: '1.8.0_171'
Driver info: driver.version: unknown
</error>
    <system-out><![CDATA[[pool-1-thread-1] ERROR net.thucydides.core.steps.ConsoleLoggingListener - &amp#27;[91m
           __  _____ _____ ____ _____   _____ _    ___ _     _____ ____  
  _       / / |_   _| ____/ ___|_   _| |  ___/ \  |_ _| |   | ____|  _ \ 
 (_)_____| |    | | |  _| \___ \ | |   | |_ / _ \  | || |   |  _| | | | |
  _|_____| |    | | | |___ ___) || |   |  _/ ___ \ | || |___| |___| |_| |
 (_)     | |    |_| |_____|____/ |_|   |_|/_/   \_\___|_____|_____|____/ 
          \_\                                                            

TEST FAILED WITH ERROR: Verify user is able to logout when required
---------------------------------------------------------------------&amp#27;[0m
[pool-1-thread-1] ERROR net.thucydides.core.steps.ConsoleLoggingListener - &amp#27;[91mTEST FAILED AT STEP Then He should land on Login view&amp#27;[0m
[pool-1-thread-1] ERROR net.thucydides.core.steps.ConsoleLoggingListener - Timed out after 1 seconds. Element not found

&amp#27;[31mFailed scenarios:&amp#27;[0m
&amp#27;[31msrc/test/resources/features/logout/Logout.feature:6 &amp#27;[0m# Verify user is able to logout when required

3 Scenarios (&amp#27;[31m1 failed&amp#27;[0m, &amp#27;[32m2 passed&amp#27;[0m)
9 Steps (&amp#27;[31m1 failed&amp#27;[0m, &amp#27;[32m8 passed&amp#27;[0m)
0m53.175s

org.openqa.selenium.NoSuchElementException: Timed out after 1 seconds. Element not found
For documentation on this error, please visit: http://seleniumhq.org/exceptions/no_such_element.html
Build info: version: '3.11.0', revision: 'e59cfb3', time: '2018-03-11T20:26:55.152Z'
System info: host: 'DESKTOP-0DT1VUS', ip: '10.246.144.219', os.name: 'Windows 10', os.arch: 'amd64', os.version: '10.0', java.version: '1.8.0_171'
Driver info: driver.version: unknown
	at net.thucydides.core.annotations.locators.SmartAjaxElementLocator.ajaxFindElement(SmartAjaxElementLocator.java:173)
	at net.thucydides.core.annotations.locators.SmartAjaxElementLocator.findElement(SmartAjaxElementLocator.java:125)
	at org.openqa.selenium.support.pagefactory.internal.LocatingElementHandler.invoke(LocatingElementHandler.java:38)
	at com.sun.proxy.$Proxy19.isDisplayed(Unknown Source)
	at com.pages.Loginpage.verifyIfPageLoaded(Loginpage.java:24)
	at steps.login.LoginStepDefinitions.verifyHomePageisLaoded(LoginStepDefinitions.java:52)
	at ?.He should land on Login view(src/test/resources/features/logout/Logout.feature:9)

]]></system-out>
    <system-err><![CDATA[[pool-1-thread-1] INFO net.thucydides.core.steps.ConsoleLoggingListener - STARTING STEP Given Luke is logged into the application
Starting ChromeDriver 2.38.552522 (437e6fbedfa8762dec75e2c5b3ddb86763dc9dcb) on port 22621Only local connections are allowed.May 27, 2018 11:07:02 AM org.openqa.selenium.remote.ProtocolHandshake createSession
INFO: Detected dialect: OSS
[pool-1-thread-1] INFO net.thucydides.core.steps.ConsoleLoggingListener - FINISHING STEP
[pool-1-thread-1] INFO net.thucydides.core.steps.ConsoleLoggingListener - STARTING STEP When He try to Logout of the application
[pool-1-thread-1] INFO net.thucydides.core.steps.ConsoleLoggingListener - FINISHING STEP
[pool-1-thread-1] INFO net.thucydides.core.steps.ConsoleLoggingListener - STARTING STEP Then He should land on Login view
[pool-1-thread-1] INFO net.thucydides.core.steps.ConsoleLoggingListener - &amp#27;[91mSTEP ERROR: org.openqa.selenium.NoSuchElementException: Timed out after 1 seconds. Element not found
For documentation on this error, please visit: http://seleniumhq.org/exceptions/no_such_element.html
Build info: version: '3.11.0', revision: 'e59cfb3', time: '2018-03-11T20:26:55.152Z'
System info: host: 'DESKTOP-0DT1VUS', ip: '10.246.144.219', os.name: 'Windows 10', os.arch: 'amd64', os.version: '10.0', java.version: '1.8.0_171'
Driver info: driver.version: unknown
For documentation on this error, please visit: http://seleniumhq.org/exceptions/no_such_element.html
Build info: version: '3.11.0', revision: 'e59cfb3', time: '2018-03-11T20:26:55.152Z'
System info: host: 'DESKTOP-0DT1VUS', ip: '10.246.144.219', os.name: 'Windows 10', os.arch: 'amd64', os.version: '10.0', java.version: '1.8.0_171'
Driver info: driver.version: unknown&amp#27;[0m
[pool-1-thread-1] ERROR net.thucydides.core.steps.ConsoleLoggingListener - &amp#27;[91m
           __  _____ _____ ____ _____   _____ _    ___ _     _____ ____  
  _       / / |_   _| ____/ ___|_   _| |  ___/ \  |_ _| |   | ____|  _ \ 
 (_)_____| |    | | |  _| \___ \ | |   | |_ / _ \  | || |   |  _| | | | |
  _|_____| |    | | | |___ ___) || |   |  _/ ___ \ | || |___| |___| |_| |
 (_)     | |    |_| |_____|____/ |_|   |_|/_/   \_\___|_____|_____|____/ 
          \_\                                                            

TEST FAILED WITH ERROR: Verify user is able to logout when required
---------------------------------------------------------------------&amp#27;[0m
[pool-1-thread-1] ERROR net.thucydides.core.steps.ConsoleLoggingListener - &amp#27;[91mTEST FAILED AT STEP Then He should land on Login view&amp#27;[0m
[pool-1-thread-1] ERROR net.thucydides.core.steps.ConsoleLoggingListener - Timed out after 1 seconds. Element not found
]]></system-err>
  </testcase>
</testsuite>